# JRE version: OpenJDK Runtime Environment (17.0.6) (build 17.0.6+0-b2043.56-10027231)
# Java VM: OpenJDK 64-Bit Server VM (17.0.6+0-b2043.56-10027231, mixed mode, tiered, compressed oops, compressed class ptrs, g1 gc, windows-amd64)
GC Precious Log:
 CPUs: 8 total, 8 available
 Memory: 6082M
 Large Page Support: Disabled
 NUMA Support: Disabled
 Compressed Oops: Enabled (32-bit)
 Heap Region Size: 1M
 Heap Min Capacity: 8M
 Heap Initial Capacity: 96M
 Heap Max Capacity: 1522M
 Pre-touch: Disabled
 Parallel Workers: 8
 Concurrent Workers: 2
 Concurrent Refinement Workers: 8
 Periodic GC: Disabled
Heap:
 garbage-first heap   total 83968K, used 33728K [0x00000000a0e00000, 0x0000000100000000)
  region size 1024K, 12 young (12288K), 2 survivors (2048K)
 Metaspace       used 45148K, committed 45312K, reserved 1089536K
  class space    used 5489K, committed 5568K, reserved 1048576K
GC Heap History (20 events):
Event: 4.101 GC heap before
{Heap before GC invocations=1 (full 0):
 garbage-first heap   total 98304K, used 39680K [0x00000000a0e00000, 0x0000000100000000)
  region size 1024K, 36 young (36864K), 3 survivors (3072K)
 Metaspace       used 21358K, committed 21504K, reserved 1073152K
  class space    used 2329K, committed 2432K, reserved 1048576K
}
Event: 4.122 GC heap after
{Heap after GC invocations=2 (full 0):
 garbage-first heap   total 98304K, used 10331K [0x00000000a0e00000, 0x0000000100000000)
  region size 1024K, 4 young (4096K), 4 survivors (4096K)
 Metaspace       used 21358K, committed 21504K, reserved 1073152K
  class space    used 2329K, committed 2432K, reserved 1048576K
}
Event: 5.132 GC heap before
{Heap before GC invocations=3 (full 0):
 garbage-first heap   total 40960K, used 30811K [0x00000000a0e00000, 0x0000000100000000)
  region size 1024K, 24 young (24576K), 4 survivors (4096K)
 Metaspace       used 27825K, committed 28032K, reserved 1081344K
  class space    used 3293K, committed 3392K, reserved 1048576K
}
Event: 5.144 GC heap after
{Heap after GC invocations=4 (full 0):
 garbage-first heap   total 40960K, used 11549K [0x00000000a0e00000, 0x0000000100000000)
  region size 1024K, 2 young (2048K), 2 survivors (2048K)
 Metaspace       used 27825K, committed 28032K, reserved 1081344K
  class space    used 3293K, committed 3392K, reserved 1048576K
}
Event: 5.221 GC heap before
{Heap before GC invocations=4 (full 0):
 garbage-first heap   total 40960K, used 12573K [0x00000000a0e00000, 0x0000000100000000)
  region size 1024K, 3 young (3072K), 2 survivors (2048K)
 Metaspace       used 28316K, committed 28480K, reserved 1081344K
  class space    used 3449K, committed 3520K, reserved 1048576K
}
Event: 5.226 GC heap after
{Heap after GC invocations=5 (full 0):
 garbage-first heap   total 40960K, used 11845K [0x00000000a0e00000, 0x0000000100000000)
  region size 1024K, 1 young (1024K), 1 survivors (1024K)
 Metaspace       used 28316K, committed 28480K, reserved 1081344K
  class space    used 3449K, committed 3520K, reserved 1048576K
}
Event: 5.781 GC heap before
{Heap before GC invocations=5 (full 0):
 garbage-first heap   total 40960K, used 30277K [0x00000000a0e00000, 0x0000000100000000)
  region size 1024K, 19 young (19456K), 1 survivors (1024K)
 Metaspace       used 29535K, committed 29760K, reserved 1081344K
  class space    used 3622K, committed 3712K, reserved 1048576K
}
Event: 5.793 GC heap after
{Heap after GC invocations=6 (full 0):
 garbage-first heap   total 40960K, used 16083K [0x00000000a0e00000, 0x0000000100000000)
  region size 1024K, 3 young (3072K), 3 survivors (3072K)
 Metaspace       used 29535K, committed 29760K, reserved 1081344K
  class space    used 3622K, committed 3712K, reserved 1048576K
}
Event: 6.245 GC heap before
{Heap before GC invocations=6 (full 0):
 garbage-first heap   total 40960K, used 31443K [0x00000000a0e00000, 0x0000000100000000)
  region size 1024K, 17 young (17408K), 3 survivors (3072K)
 Metaspace       used 31080K, committed 31360K, reserved 1081344K
  class space    used 3987K, committed 4096K, reserved 1048576K
}
Event: 6.259 GC heap after
{Heap after GC invocations=7 (full 0):
 garbage-first heap   total 40960K, used 21474K [0x00000000a0e00000, 0x0000000100000000)
  region size 1024K, 3 young (3072K), 3 survivors (3072K)
 Metaspace       used 31080K, committed 31360K, reserved 1081344K
  class space    used 3987K, committed 4096K, reserved 1048576K
}
Event: 6.577 GC heap before
{Heap before GC invocations=7 (full 0):
 garbage-first heap   total 40960K, used 29666K [0x00000000a0e00000, 0x0000000100000000)
  region size 1024K, 12 young (12288K), 3 survivors (3072K)
 Metaspace       used 33902K, committed 34176K, reserved 1081344K
  class space    used 4301K, committed 4416K, reserved 1048576K
}
Event: 6.589 GC heap after
{Heap after GC invocations=8 (full 0):
 garbage-first heap   total 54272K, used 22808K [0x00000000a0e00000, 0x0000000100000000)
  region size 1024K, 1 young (1024K), 1 survivors (1024K)
 Metaspace       used 33902K, committed 34176K, reserved 1081344K
  class space    used 4301K, committed 4416K, reserved 1048576K
}
Event: 7.215 GC heap before
{Heap before GC invocations=8 (full 0):
 garbage-first heap   total 54272K, used 33048K [0x00000000a0e00000, 0x0000000100000000)
  region size 1024K, 13 young (13312K), 1 survivors (1024K)
 Metaspace       used 35767K, committed 35968K, reserved 1081344K
  class space    used 4513K, committed 4608K, reserved 1048576K
}
Event: 7.223 GC heap after
{Heap after GC invocations=9 (full 0):
 garbage-first heap   total 54272K, used 22035K [0x00000000a0e00000, 0x0000000100000000)
  region size 1024K, 3 young (3072K), 3 survivors (3072K)
 Metaspace       used 35767K, committed 35968K, reserved 1081344K
  class space    used 4513K, committed 4608K, reserved 1048576K
}
Event: 7.910 GC heap before
{Heap before GC invocations=10 (full 0):
 garbage-first heap   total 54272K, used 37395K [0x00000000a0e00000, 0x0000000100000000)
  region size 1024K, 19 young (19456K), 3 survivors (3072K)
 Metaspace       used 38799K, committed 39040K, reserved 1089536K
  class space    used 4811K, committed 4928K, reserved 1048576K
}
Event: 7.919 GC heap after
{Heap after GC invocations=11 (full 0):
 garbage-first heap   total 54272K, used 23760K [0x00000000a0e00000, 0x0000000100000000)
  region size 1024K, 3 young (3072K), 3 survivors (3072K)
 Metaspace       used 38799K, committed 39040K, reserved 1089536K
  class space    used 4811K, committed 4928K, reserved 1048576K
}
Event: 7.961 GC heap before
{Heap before GC invocations=11 (full 0):
 garbage-first heap   total 54272K, used 24784K [0x00000000a0e00000, 0x0000000100000000)
  region size 1024K, 4 young (4096K), 3 survivors (3072K)
 Metaspace       used 39124K, committed 39360K, reserved 1089536K
  class space    used 4829K, committed 4928K, reserved 1048576K
}
Event: 7.968 GC heap after
{Heap after GC invocations=12 (full 0):
 garbage-first heap   total 54272K, used 23636K [0x00000000a0e00000, 0x0000000100000000)
  region size 1024K, 1 young (1024K), 1 survivors (1024K)
 Metaspace       used 39124K, committed 39360K, reserved 1089536K
  class space    used 4829K, committed 4928K, reserved 1048576K
}
Event: 8.586 GC heap before
{Heap before GC invocations=12 (full 0):
 garbage-first heap   total 54272K, used 38996K [0x00000000a0e00000, 0x0000000100000000)
  region size 1024K, 17 young (17408K), 1 survivors (1024K)
 Metaspace       used 42841K, committed 43072K, reserved 1089536K
  class space    used 5220K, committed 5312K, reserved 1048576K
}
Event: 8.592 GC heap after
{Heap after GC invocations=13 (full 0):
 garbage-first heap   total 83968K, used 24512K [0x00000000a0e00000, 0x0000000100000000)
  region size 1024K, 2 young (2048K), 2 survivors (2048K)
 Metaspace       used 42841K, committed 43072K, reserved 1089536K
  class space    used 5220K, committed 5312K, reserved 1048576K
}

